# JRE version: Java(TM) SE Runtime Environment (13.0.1+9) (build 13.0.1+9)
# Java VM: Java HotSpot(TM) 64-Bit Server VM (13.0.1+9, mixed mode, sharing, tiered, compressed oops, g1 gc, windows-amd64)
Heap:
 garbage-first heap   total 263168K, used 167748K [0x00000000e0000000, 0x0000000100000000)
  region size 1024K, 28 young (28672K), 11 survivors (11264K)
 Metaspace       used 83162K, capacity 86535K, committed 87552K, reserved 329728K
  class space    used 10497K, capacity 11620K, committed 12032K, reserved 253952K
GC Heap History (20 events):
Event: 57.805 GC heap before
{Heap before GC invocations=8 (full 0):
 garbage-first heap   total 262144K, used 180014K [0x00000000e0000000, 0x0000000100000000)
  region size 1024K, 145 young (148480K), 18 survivors (18432K)
 Metaspace       used 57551K, capacity 59612K, committed 59736K, reserved 307200K
  class space    used 7686K, capacity 8406K, committed 8448K, reserved 253952K
}
Event: 57.839 GC heap after
{Heap after GC invocations=9 (full 0):
 garbage-first heap   total 262144K, used 67337K [0x00000000e0000000, 0x0000000100000000)
  region size 1024K, 18 young (18432K), 18 survivors (18432K)
 Metaspace       used 57551K, capacity 59612K, committed 59736K, reserved 307200K
  class space    used 7686K, capacity 8406K, committed 8448K, reserved 253952K
}
Event: 59.591 GC heap before
{Heap before GC invocations=10 (full 0):
 garbage-first heap   total 262144K, used 181001K [0x00000000e0000000, 0x0000000100000000)
  region size 1024K, 129 young (132096K), 18 survivors (18432K)
 Metaspace       used 63649K, capacity 66402K, committed 66688K, reserved 311296K
  class space    used 8599K, capacity 9554K, committed 9600K, reserved 253952K
}
Event: 59.614 GC heap after
{Heap after GC invocations=11 (full 0):
 garbage-first heap   total 262144K, used 81892K [0x00000000e0000000, 0x0000000100000000)
  region size 1024K, 15 young (15360K), 15 survivors (15360K)
 Metaspace       used 63649K, capacity 66402K, committed 66688K, reserved 311296K
  class space    used 8599K, capacity 9554K, committed 9600K, reserved 253952K
}
Event: 62.507 GC heap before
{Heap before GC invocations=11 (full 0):
 garbage-first heap   total 262144K, used 188388K [0x00000000e0000000, 0x0000000100000000)
  region size 1024K, 119 young (121856K), 15 survivors (15360K)
 Metaspace       used 66272K, capacity 69091K, committed 69248K, reserved 313344K
  class space    used 8863K, capacity 9810K, committed 9856K, reserved 253952K
}
Event: 62.531 GC heap after
{Heap after GC invocations=12 (full 0):
 garbage-first heap   total 262144K, used 100875K [0x00000000e0000000, 0x0000000100000000)
  region size 1024K, 15 young (15360K), 15 survivors (15360K)
 Metaspace       used 66272K, capacity 69091K, committed 69248K, reserved 313344K
  class space    used 8863K, capacity 9810K, committed 9856K, reserved 253952K
}
Event: 63.629 GC heap before
{Heap before GC invocations=12 (full 0):
 garbage-first heap   total 262144K, used 190987K [0x00000000e0000000, 0x0000000100000000)
  region size 1024K, 104 young (106496K), 15 survivors (15360K)
 Metaspace       used 68304K, capacity 71358K, committed 71552K, reserved 315392K
  class space    used 9179K, capacity 10287K, committed 10368K, reserved 253952K
}
Event: 63.647 GC heap after
{Heap after GC invocations=13 (full 0):
 garbage-first heap   total 262144K, used 109462K [0x00000000e0000000, 0x0000000100000000)
  region size 1024K, 7 young (7168K), 7 survivors (7168K)
 Metaspace       used 68304K, capacity 71358K, committed 71552K, reserved 315392K
  class space    used 9179K, capacity 10287K, committed 10368K, reserved 253952K
}
Event: 65.043 GC heap before
{Heap before GC invocations=13 (full 0):
 garbage-first heap   total 262144K, used 197526K [0x00000000e0000000, 0x0000000100000000)
  region size 1024K, 94 young (96256K), 7 survivors (7168K)
 Metaspace       used 69229K, capacity 72339K, committed 72448K, reserved 317440K
  class space    used 9286K, capacity 10404K, committed 10496K, reserved 253952K
}
Event: 65.053 GC heap after
{Heap after GC invocations=14 (full 0):
 garbage-first heap   total 262144K, used 114436K [0x00000000e0000000, 0x0000000100000000)
  region size 1024K, 12 young (12288K), 12 survivors (12288K)
 Metaspace       used 69229K, capacity 72339K, committed 72448K, reserved 317440K
  class space    used 9286K, capacity 10404K, committed 10496K, reserved 253952K
}
Event: 66.157 GC heap before
{Heap before GC invocations=14 (full 0):
 garbage-first heap   total 262144K, used 202500K [0x00000000e0000000, 0x0000000100000000)
  region size 1024K, 99 young (101376K), 12 survivors (12288K)
 Metaspace       used 69810K, capacity 73035K, committed 73216K, reserved 317440K
  class space    used 9339K, capacity 10475K, committed 10496K, reserved 253952K
}
Event: 66.169 GC heap after
{Heap after GC invocations=15 (full 0):
 garbage-first heap   total 262144K, used 120077K [0x00000000e0000000, 0x0000000100000000)
  region size 1024K, 12 young (12288K), 12 survivors (12288K)
 Metaspace       used 69810K, capacity 73035K, committed 73216K, reserved 317440K
  class space    used 9339K, capacity 10475K, committed 10496K, reserved 253952K
}
Event: 951.100 GC heap before
{Heap before GC invocations=15 (full 0):
 garbage-first heap   total 262144K, used 207117K [0x00000000e0000000, 0x0000000100000000)
  region size 1024K, 98 young (100352K), 12 survivors (12288K)
 Metaspace       used 75608K, capacity 78881K, committed 79104K, reserved 323584K
  class space    used 9836K, capacity 11007K, committed 11008K, reserved 253952K
}
Event: 951.110 GC heap after
{Heap after GC invocations=16 (full 0):
 garbage-first heap   total 262144K, used 120752K [0x00000000e0000000, 0x0000000100000000)
  region size 1024K, 8 young (8192K), 8 survivors (8192K)
 Metaspace       used 75608K, capacity 78881K, committed 79104K, reserved 323584K
  class space    used 9836K, capacity 11007K, committed 11008K, reserved 253952K
}
Event: 2086.175 GC heap before
{Heap before GC invocations=16 (full 0):
 garbage-first heap   total 262144K, used 210864K [0x00000000e0000000, 0x0000000100000000)
  region size 1024K, 97 young (99328K), 8 survivors (8192K)
 Metaspace       used 76030K, capacity 79399K, committed 79488K, reserved 323584K
  class space    used 9880K, capacity 11064K, committed 11136K, reserved 253952K
}
Event: 2086.183 GC heap after
{Heap after GC invocations=17 (full 0):
 garbage-first heap   total 262144K, used 121711K [0x00000000e0000000, 0x0000000100000000)
  region size 1024K, 9 young (9216K), 9 survivors (9216K)
 Metaspace       used 76030K, capacity 79399K, committed 79488K, reserved 323584K
  class space    used 9880K, capacity 11064K, committed 11136K, reserved 253952K
}
Event: 2091.166 GC heap before
{Heap before GC invocations=17 (full 0):
 garbage-first heap   total 262144K, used 213871K [0x00000000e0000000, 0x0000000100000000)
  region size 1024K, 100 young (102400K), 9 survivors (9216K)
 Metaspace       used 80351K, capacity 83916K, committed 83968K, reserved 327680K
  class space    used 10266K, capacity 11502K, committed 11520K, reserved 253952K
}
Event: 2091.184 GC heap after
{Heap after GC invocations=18 (full 0):
 garbage-first heap   total 262144K, used 135876K [0x00000000e0000000, 0x0000000100000000)
  region size 1024K, 13 young (13312K), 13 survivors (13312K)
 Metaspace       used 80351K, capacity 83916K, committed 83968K, reserved 327680K
  class space    used 10266K, capacity 11502K, committed 11520K, reserved 253952K
}
Event: 2091.780 GC heap before
{Heap before GC invocations=18 (full 0):
 garbage-first heap   total 262144K, used 211652K [0x00000000e0000000, 0x0000000100000000)
  region size 1024K, 87 young (89088K), 13 survivors (13312K)
 Metaspace       used 81429K, capacity 85089K, committed 85120K, reserved 327680K
  class space    used 10367K, capacity 11619K, committed 11648K, reserved 253952K
}
Event: 2091.858 GC heap after
{Heap after GC invocations=19 (full 0):
 garbage-first heap   total 262144K, used 152388K [0x00000000e0000000, 0x0000000100000000)
  region size 1024K, 11 young (11264K), 11 survivors (11264K)
 Metaspace       used 81429K, capacity 85089K, committed 85120K, reserved 327680K
  class space    used 10367K, capacity 11619K, committed 11648K, reserved 253952K
}

