# JRE version: Java(TM) SE Runtime Environment (13.0.1+9) (build 13.0.1+9)
# Java VM: Java HotSpot(TM) 64-Bit Server VM (13.0.1+9, mixed mode, sharing, tiered, compressed oops, g1 gc, windows-amd64)
Heap:
 garbage-first heap   total 262144K, used 121966K [0x00000000e0000000, 0x0000000100000000)
  region size 1024K, 51 young (52224K), 10 survivors (10240K)
 Metaspace       used 67224K, capacity 70022K, committed 70276K, reserved 315392K
  class space    used 9029K, capacity 9954K, committed 10036K, reserved 253952K
GC Heap History (18 events):
Event: 0.440 GC heap before
{Heap before GC invocations=0 (full 0):
 garbage-first heap   total 262144K, used 29696K [0x00000000e0000000, 0x0000000100000000)
  region size 1024K, 24 young (24576K), 0 survivors (0K)
 Metaspace       used 3783K, capacity 6569K, committed 6656K, reserved 262144K
  class space    used 492K, capacity 763K, committed 768K, reserved 253952K
}
Event: 0.443 GC heap after
{Heap after GC invocations=1 (full 0):
 garbage-first heap   total 262144K, used 8479K [0x00000000e0000000, 0x0000000100000000)
  region size 1024K, 3 young (3072K), 3 survivors (3072K)
 Metaspace       used 3783K, capacity 6569K, committed 6656K, reserved 262144K
  class space    used 492K, capacity 763K, committed 768K, reserved 253952K
}
Event: 9.359 GC heap before
{Heap before GC invocations=1 (full 0):
 garbage-first heap   total 262144K, used 132383K [0x00000000e0000000, 0x0000000100000000)
  region size 1024K, 126 young (129024K), 3 survivors (3072K)
 Metaspace       used 20642K, capacity 21129K, committed 21296K, reserved 272384K
  class space    used 2895K, capacity 3081K, committed 3200K, reserved 253952K
}
Event: 9.368 GC heap after
{Heap after GC invocations=2 (full 0):
 garbage-first heap   total 262144K, used 18692K [0x00000000e0000000, 0x0000000100000000)
  region size 1024K, 13 young (13312K), 13 survivors (13312K)
 Metaspace       used 20642K, capacity 21129K, committed 21296K, reserved 272384K
  class space    used 2895K, capacity 3081K, committed 3200K, reserved 253952K
}
Event: 9.670 GC heap before
{Heap before GC invocations=3 (full 0):
 garbage-first heap   total 262144K, used 39172K [0x00000000e0000000, 0x0000000100000000)
  region size 1024K, 31 young (31744K), 13 survivors (13312K)
 Metaspace       used 23369K, capacity 23930K, committed 24112K, reserved 276480K
  class space    used 3157K, capacity 3350K, committed 3456K, reserved 253952K
}
Event: 9.676 GC heap after
{Heap after GC invocations=4 (full 0):
 garbage-first heap   total 262144K, used 20110K [0x00000000e0000000, 0x0000000100000000)
  region size 1024K, 2 young (2048K), 2 survivors (2048K)
 Metaspace       used 23369K, capacity 23930K, committed 24112K, reserved 276480K
  class space    used 3157K, capacity 3350K, committed 3456K, reserved 253952K
}
Event: 12.651 GC heap before
{Heap before GC invocations=4 (full 0):
 garbage-first heap   total 262144K, used 87694K [0x00000000e0000000, 0x0000000100000000)
  region size 1024K, 68 young (69632K), 2 survivors (2048K)
 Metaspace       used 28900K, capacity 29689K, committed 29872K, reserved 280576K
  class space    used 3932K, capacity 4248K, committed 4352K, reserved 253952K
}
Event: 12.655 GC heap after
{Heap after GC invocations=5 (full 0):
 garbage-first heap   total 262144K, used 24161K [0x00000000e0000000, 0x0000000100000000)
  region size 1024K, 6 young (6144K), 6 survivors (6144K)
 Metaspace       used 28900K, capacity 29689K, committed 29872K, reserved 280576K
  class space    used 3932K, capacity 4248K, committed 4352K, reserved 253952K
}
Event: 14.249 GC heap before
{Heap before GC invocations=5 (full 0):
 garbage-first heap   total 262144K, used 100961K [0x00000000e0000000, 0x0000000100000000)
  region size 1024K, 80 young (81920K), 6 survivors (6144K)
 Metaspace       used 34937K, capacity 35875K, committed 35920K, reserved 286720K
  class space    used 4757K, capacity 5112K, committed 5120K, reserved 253952K
}
Event: 14.260 GC heap after
{Heap after GC invocations=6 (full 0):
 garbage-first heap   total 262144K, used 33903K [0x00000000e0000000, 0x0000000100000000)
  region size 1024K, 13 young (13312K), 13 survivors (13312K)
 Metaspace       used 34937K, capacity 35875K, committed 35920K, reserved 286720K
  class space    used 4757K, capacity 5112K, committed 5120K, reserved 253952K
}
Event: 15.381 GC heap before
{Heap before GC invocations=7 (full 0):
 garbage-first heap   total 262144K, used 142447K [0x00000000e0000000, 0x0000000100000000)
  region size 1024K, 119 young (121856K), 13 survivors (13312K)
 Metaspace       used 46488K, capacity 47727K, committed 48028K, reserved 296960K
  class space    used 6190K, capacity 6682K, committed 6732K, reserved 253952K
}
Event: 15.390 GC heap after
{Heap after GC invocations=8 (full 0):
 garbage-first heap   total 262144K, used 42190K [0x00000000e0000000, 0x0000000100000000)
  region size 1024K, 15 young (15360K), 15 survivors (15360K)
 Metaspace       used 46488K, capacity 47727K, committed 48028K, reserved 296960K
  class space    used 6190K, capacity 6682K, committed 6732K, reserved 253952K
}
Event: 18.590 GC heap before
{Heap before GC invocations=8 (full 0):
 garbage-first heap   total 262144K, used 152782K [0x00000000e0000000, 0x0000000100000000)
  region size 1024K, 123 young (125952K), 15 survivors (15360K)
 Metaspace       used 56635K, capacity 58230K, committed 58268K, reserved 305152K
  class space    used 7634K, capacity 8237K, committed 8268K, reserved 253952K
}
Event: 18.599 GC heap after
{Heap after GC invocations=9 (full 0):
 garbage-first heap   total 262144K, used 51319K [0x00000000e0000000, 0x0000000100000000)
  region size 1024K, 16 young (16384K), 16 survivors (16384K)
 Metaspace       used 56635K, capacity 58230K, committed 58268K, reserved 305152K
  class space    used 7634K, capacity 8237K, committed 8268K, reserved 253952K
}
Event: 22.220 GC heap before
{Heap before GC invocations=9 (full 0):
 garbage-first heap   total 262144K, used 103543K [0x00000000e0000000, 0x0000000100000000)
  region size 1024K, 62 young (63488K), 16 survivors (16384K)
 Metaspace       used 58128K, capacity 60383K, committed 60420K, reserved 307200K
  class space    used 7776K, capacity 8601K, committed 8628K, reserved 253952K
}
Event: 22.232 GC heap after
{Heap after GC invocations=10 (full 0):
 garbage-first heap   total 262144K, used 70605K [0x00000000e0000000, 0x0000000100000000)
  region size 1024K, 13 young (13312K), 13 survivors (13312K)
 Metaspace       used 58128K, capacity 60383K, committed 60420K, reserved 307200K
  class space    used 7776K, capacity 8601K, committed 8628K, reserved 253952K
}
Event: 22.999 GC heap before
{Heap before GC invocations=11 (full 0):
 garbage-first heap   total 262144K, used 158669K [0x00000000e0000000, 0x0000000100000000)
  region size 1024K, 99 young (101376K), 13 survivors (13312K)
 Metaspace       used 62893K, capacity 65607K, committed 65924K, reserved 311296K
  class space    used 8500K, capacity 9435K, committed 9524K, reserved 253952K
}
Event: 23.009 GC heap after
{Heap after GC invocations=12 (full 0):
 garbage-first heap   total 262144K, used 81006K [0x00000000e0000000, 0x0000000100000000)
  region size 1024K, 10 young (10240K), 10 survivors (10240K)
 Metaspace       used 62893K, capacity 65607K, committed 65924K, reserved 311296K
  class space    used 8500K, capacity 9435K, committed 9524K, reserved 253952K
}

