# JRE version: Java(TM) SE Runtime Environment (13.0.1+9) (build 13.0.1+9)
# Java VM: Java HotSpot(TM) 64-Bit Server VM (13.0.1+9, mixed mode, sharing, tiered, compressed oops, g1 gc, windows-amd64)
Heap:
 garbage-first heap   total 262144K, used 170832K [0x00000000e0000000, 0x0000000100000000)
  region size 1024K, 118 young (120832K), 20 survivors (20480K)
 Metaspace       used 67028K, capacity 69747K, committed 69916K, reserved 315392K
  class space    used 8990K, capacity 9881K, committed 9932K, reserved 253952K
GC Heap History (14 events):
Event: 0.551 GC heap before
{Heap before GC invocations=0 (full 0):
 garbage-first heap   total 262144K, used 29696K [0x00000000e0000000, 0x0000000100000000)
  region size 1024K, 24 young (24576K), 0 survivors (0K)
 Metaspace       used 3786K, capacity 6569K, committed 6656K, reserved 262144K
  class space    used 492K, capacity 763K, committed 768K, reserved 253952K
}
Event: 0.554 GC heap after
{Heap after GC invocations=1 (full 0):
 garbage-first heap   total 262144K, used 8430K [0x00000000e0000000, 0x0000000100000000)
  region size 1024K, 3 young (3072K), 3 survivors (3072K)
 Metaspace       used 3786K, capacity 6569K, committed 6656K, reserved 262144K
  class space    used 492K, capacity 763K, committed 768K, reserved 253952K
}
Event: 2.742 GC heap before
{Heap before GC invocations=1 (full 0):
 garbage-first heap   total 262144K, used 132334K [0x00000000e0000000, 0x0000000100000000)
  region size 1024K, 126 young (129024K), 3 survivors (3072K)
 Metaspace       used 20641K, capacity 21129K, committed 21296K, reserved 272384K
  class space    used 2895K, capacity 3081K, committed 3200K, reserved 253952K
}
Event: 2.753 GC heap after
{Heap after GC invocations=2 (full 0):
 garbage-first heap   total 262144K, used 18855K [0x00000000e0000000, 0x0000000100000000)
  region size 1024K, 14 young (14336K), 14 survivors (14336K)
 Metaspace       used 20641K, capacity 21129K, committed 21296K, reserved 272384K
  class space    used 2895K, capacity 3081K, committed 3200K, reserved 253952K
}
Event: 3.037 GC heap before
{Heap before GC invocations=3 (full 0):
 garbage-first heap   total 262144K, used 45479K [0x00000000e0000000, 0x0000000100000000)
  region size 1024K, 38 young (38912K), 14 survivors (14336K)
 Metaspace       used 23646K, capacity 24244K, committed 24368K, reserved 276480K
  class space    used 3194K, capacity 3370K, committed 3456K, reserved 253952K
}
Event: 3.044 GC heap after
{Heap after GC invocations=4 (full 0):
 garbage-first heap   total 262144K, used 21230K [0x00000000e0000000, 0x0000000100000000)
  region size 1024K, 3 young (3072K), 3 survivors (3072K)
 Metaspace       used 23646K, capacity 24244K, committed 24368K, reserved 276480K
  class space    used 3194K, capacity 3370K, committed 3456K, reserved 253952K
}
Event: 5.580 GC heap before
{Heap before GC invocations=4 (full 0):
 garbage-first heap   total 262144K, used 155374K [0x00000000e0000000, 0x0000000100000000)
  region size 1024K, 133 young (136192K), 3 survivors (3072K)
 Metaspace       used 34033K, capacity 35028K, committed 35120K, reserved 284672K
  class space    used 4635K, capacity 4978K, committed 4992K, reserved 253952K
}
Event: 5.586 GC heap after
{Heap after GC invocations=5 (full 0):
 garbage-first heap   total 262144K, used 34315K [0x00000000e0000000, 0x0000000100000000)
  region size 1024K, 14 young (14336K), 14 survivors (14336K)
 Metaspace       used 34033K, capacity 35028K, committed 35120K, reserved 284672K
  class space    used 4635K, capacity 4978K, committed 4992K, reserved 253952K
}
Event: 5.633 GC heap before
{Heap before GC invocations=5 (full 0):
 garbage-first heap   total 262144K, used 39435K [0x00000000e0000000, 0x0000000100000000)
  region size 1024K, 20 young (20480K), 14 survivors (14336K)
 Metaspace       used 34822K, capacity 35821K, committed 35920K, reserved 286720K
  class space    used 4756K, capacity 5115K, committed 5120K, reserved 253952K
}
Event: 5.645 GC heap after
{Heap after GC invocations=6 (full 0):
 garbage-first heap   total 262144K, used 35269K [0x00000000e0000000, 0x0000000100000000)
  region size 1024K, 2 young (2048K), 2 survivors (2048K)
 Metaspace       used 34822K, capacity 35821K, committed 35920K, reserved 286720K
  class space    used 4756K, capacity 5115K, committed 5120K, reserved 253952K
}
Event: 8.301 GC heap before
{Heap before GC invocations=7 (full 0):
 garbage-first heap   total 262144K, used 186821K [0x00000000e0000000, 0x0000000100000000)
  region size 1024K, 150 young (153600K), 2 survivors (2048K)
 Metaspace       used 50937K, capacity 52318K, committed 52508K, reserved 301056K
  class space    used 6825K, capacity 7360K, committed 7372K, reserved 253952K
}
Event: 8.316 GC heap after
{Heap after GC invocations=8 (full 0):
 garbage-first heap   total 262144K, used 45139K [0x00000000e0000000, 0x0000000100000000)
  region size 1024K, 12 young (12288K), 12 survivors (12288K)
 Metaspace       used 50937K, capacity 52318K, committed 52508K, reserved 301056K
  class space    used 6825K, capacity 7360K, committed 7372K, reserved 253952K
}
Event: 9.440 GC heap before
{Heap before GC invocations=9 (full 0):
 garbage-first heap   total 262144K, used 194643K [0x00000000e0000000, 0x0000000100000000)
  region size 1024K, 153 young (156672K), 12 survivors (12288K)
 Metaspace       used 60421K, capacity 62669K, committed 62876K, reserved 309248K
  class space    used 8145K, capacity 8945K, committed 9036K, reserved 253952K
}
Event: 9.454 GC heap after
{Heap after GC invocations=10 (full 0):
 garbage-first heap   total 262144K, used 71504K [0x00000000e0000000, 0x0000000100000000)
  region size 1024K, 20 young (20480K), 20 survivors (20480K)
 Metaspace       used 60421K, capacity 62669K, committed 62876K, reserved 309248K
  class space    used 8145K, capacity 8945K, committed 9036K, reserved 253952K
}

