# JRE version: Java(TM) SE Runtime Environment (13.0.1+9) (build 13.0.1+9)
# Java VM: Java HotSpot(TM) 64-Bit Server VM (13.0.1+9, mixed mode, sharing, tiered, compressed oops, g1 gc, windows-amd64)
Heap:
 garbage-first heap   total 262144K, used 141836K [0x00000000e0000000, 0x0000000100000000)
  region size 1024K, 97 young (99328K), 7 survivors (7168K)
 Metaspace       used 68013K, capacity 69798K, committed 69924K, reserved 315392K
  class space    used 8948K, capacity 9568K, committed 9600K, reserved 253952K
GC Heap History (14 events):
Event: 0.378 GC heap before
{Heap before GC invocations=0 (full 0):
 garbage-first heap   total 262144K, used 29696K [0x00000000e0000000, 0x0000000100000000)
  region size 1024K, 24 young (24576K), 0 survivors (0K)
 Metaspace       used 3786K, capacity 6569K, committed 6656K, reserved 262144K
  class space    used 492K, capacity 763K, committed 768K, reserved 253952K
}
Event: 0.381 GC heap after
{Heap after GC invocations=1 (full 0):
 garbage-first heap   total 262144K, used 8819K [0x00000000e0000000, 0x0000000100000000)
  region size 1024K, 3 young (3072K), 3 survivors (3072K)
 Metaspace       used 3786K, capacity 6569K, committed 6656K, reserved 262144K
  class space    used 492K, capacity 763K, committed 768K, reserved 253952K
}
Event: 2.437 GC heap before
{Heap before GC invocations=1 (full 0):
 garbage-first heap   total 262144K, used 132723K [0x00000000e0000000, 0x0000000100000000)
  region size 1024K, 126 young (129024K), 3 survivors (3072K)
 Metaspace       used 20454K, capacity 20982K, committed 21248K, reserved 272384K
  class space    used 2868K, capacity 3048K, committed 3072K, reserved 253952K
}
Event: 2.448 GC heap after
{Heap after GC invocations=2 (full 0):
 garbage-first heap   total 262144K, used 19282K [0x00000000e0000000, 0x0000000100000000)
  region size 1024K, 14 young (14336K), 14 survivors (14336K)
 Metaspace       used 20454K, capacity 20982K, committed 21248K, reserved 272384K
  class space    used 2868K, capacity 3048K, committed 3072K, reserved 253952K
}
Event: 2.811 GC heap before
{Heap before GC invocations=3 (full 0):
 garbage-first heap   total 262144K, used 48978K [0x00000000e0000000, 0x0000000100000000)
  region size 1024K, 41 young (41984K), 14 survivors (14336K)
 Metaspace       used 23664K, capacity 24266K, committed 24448K, reserved 276480K
  class space    used 3195K, capacity 3372K, committed 3456K, reserved 253952K
}
Event: 2.817 GC heap after
{Heap after GC invocations=4 (full 0):
 garbage-first heap   total 262144K, used 21353K [0x00000000e0000000, 0x0000000100000000)
  region size 1024K, 3 young (3072K), 3 survivors (3072K)
 Metaspace       used 23664K, capacity 24266K, committed 24448K, reserved 276480K
  class space    used 3195K, capacity 3372K, committed 3456K, reserved 253952K
}
Event: 4.296 GC heap before
{Heap before GC invocations=4 (full 0):
 garbage-first heap   total 262144K, used 154473K [0x00000000e0000000, 0x0000000100000000)
  region size 1024K, 132 young (135168K), 3 survivors (3072K)
 Metaspace       used 34419K, capacity 35381K, committed 35584K, reserved 284672K
  class space    used 4709K, capacity 5073K, committed 5120K, reserved 253952K
}
Event: 4.302 GC heap after
{Heap after GC invocations=5 (full 0):
 garbage-first heap   total 262144K, used 33654K [0x00000000e0000000, 0x0000000100000000)
  region size 1024K, 13 young (13312K), 13 survivors (13312K)
 Metaspace       used 34419K, capacity 35381K, committed 35584K, reserved 284672K
  class space    used 4709K, capacity 5073K, committed 5120K, reserved 253952K
}
Event: 4.314 GC heap before
{Heap before GC invocations=5 (full 0):
 garbage-first heap   total 262144K, used 34678K [0x00000000e0000000, 0x0000000100000000)
  region size 1024K, 15 young (15360K), 13 survivors (13312K)
 Metaspace       used 34614K, capacity 35525K, committed 35584K, reserved 284672K
  class space    used 4738K, capacity 5079K, committed 5120K, reserved 253952K
}
Event: 4.322 GC heap after
{Heap after GC invocations=6 (full 0):
 garbage-first heap   total 262144K, used 34192K [0x00000000e0000000, 0x0000000100000000)
  region size 1024K, 11 young (11264K), 11 survivors (11264K)
 Metaspace       used 34614K, capacity 35525K, committed 35584K, reserved 284672K
  class space    used 4738K, capacity 5079K, committed 5120K, reserved 253952K
}
Event: 6.053 GC heap before
{Heap before GC invocations=7 (full 0):
 garbage-first heap   total 262144K, used 166288K [0x00000000e0000000, 0x0000000100000000)
  region size 1024K, 140 young (143360K), 11 survivors (11264K)
 Metaspace       used 47551K, capacity 48927K, committed 49152K, reserved 296960K
  class space    used 6376K, capacity 6885K, committed 6912K, reserved 253952K
}
Event: 6.062 GC heap after
{Heap after GC invocations=8 (full 0):
 garbage-first heap   total 262144K, used 44711K [0x00000000e0000000, 0x0000000100000000)
  region size 1024K, 11 young (11264K), 11 survivors (11264K)
 Metaspace       used 47551K, capacity 48927K, committed 49152K, reserved 296960K
  class space    used 6376K, capacity 6885K, committed 6912K, reserved 253952K
}
Event: 6.802 GC heap before
{Heap before GC invocations=8 (full 0):
 garbage-first heap   total 262144K, used 141991K [0x00000000e0000000, 0x0000000100000000)
  region size 1024K, 107 young (109568K), 11 survivors (11264K)
 Metaspace       used 57859K, capacity 59536K, committed 59648K, reserved 305152K
  class space    used 7806K, capacity 8398K, committed 8448K, reserved 253952K
}
Event: 6.814 GC heap after
{Heap after GC invocations=9 (full 0):
 garbage-first heap   total 262144K, used 51724K [0x00000000e0000000, 0x0000000100000000)
  region size 1024K, 7 young (7168K), 7 survivors (7168K)
 Metaspace       used 57859K, capacity 59536K, committed 59648K, reserved 305152K
  class space    used 7806K, capacity 8398K, committed 8448K, reserved 253952K
}

