# JRE version: Java(TM) SE Runtime Environment (13.0.1+9) (build 13.0.1+9)
# Java VM: Java HotSpot(TM) 64-Bit Server VM (13.0.1+9, mixed mode, sharing, tiered, compressed oops, g1 gc, windows-amd64)
Heap:
 garbage-first heap   total 262144K, used 164196K [0x00000000e0000000, 0x0000000100000000)
  region size 1024K, 95 young (97280K), 14 survivors (14336K)
 Metaspace       used 71790K, capacity 74806K, committed 74956K, reserved 319488K
  class space    used 9383K, capacity 10385K, committed 10444K, reserved 253952K
GC Heap History (16 events):
Event: 0.639 GC heap before
{Heap before GC invocations=0 (full 0):
 garbage-first heap   total 262144K, used 29696K [0x00000000e0000000, 0x0000000100000000)
  region size 1024K, 24 young (24576K), 0 survivors (0K)
 Metaspace       used 3785K, capacity 6569K, committed 6656K, reserved 262144K
  class space    used 492K, capacity 763K, committed 768K, reserved 253952K
}
Event: 0.643 GC heap after
{Heap after GC invocations=1 (full 0):
 garbage-first heap   total 262144K, used 8902K [0x00000000e0000000, 0x0000000100000000)
  region size 1024K, 3 young (3072K), 3 survivors (3072K)
 Metaspace       used 3785K, capacity 6569K, committed 6656K, reserved 262144K
  class space    used 492K, capacity 763K, committed 768K, reserved 253952K
}
Event: 4.186 GC heap before
{Heap before GC invocations=1 (full 0):
 garbage-first heap   total 262144K, used 132806K [0x00000000e0000000, 0x0000000100000000)
  region size 1024K, 126 young (129024K), 3 survivors (3072K)
 Metaspace       used 20466K, capacity 20982K, committed 21248K, reserved 272384K
  class space    used 2868K, capacity 3048K, committed 3072K, reserved 253952K
}
Event: 4.199 GC heap after
{Heap after GC invocations=2 (full 0):
 garbage-first heap   total 262144K, used 19188K [0x00000000e0000000, 0x0000000100000000)
  region size 1024K, 14 young (14336K), 14 survivors (14336K)
 Metaspace       used 20466K, capacity 20982K, committed 21248K, reserved 272384K
  class space    used 2868K, capacity 3048K, committed 3072K, reserved 253952K
}
Event: 4.448 GC heap before
{Heap before GC invocations=3 (full 0):
 garbage-first heap   total 262144K, used 36596K [0x00000000e0000000, 0x0000000100000000)
  region size 1024K, 29 young (29696K), 14 survivors (14336K)
 Metaspace       used 23085K, capacity 23627K, committed 23808K, reserved 274432K
  class space    used 3104K, capacity 3309K, committed 3328K, reserved 253952K
}
Event: 4.456 GC heap after
{Heap after GC invocations=4 (full 0):
 garbage-first heap   total 262144K, used 20205K [0x00000000e0000000, 0x0000000100000000)
  region size 1024K, 2 young (2048K), 2 survivors (2048K)
 Metaspace       used 23085K, capacity 23627K, committed 23808K, reserved 274432K
  class space    used 3104K, capacity 3309K, committed 3328K, reserved 253952K
}
Event: 9.794 GC heap before
{Heap before GC invocations=4 (full 0):
 garbage-first heap   total 262144K, used 153325K [0x00000000e0000000, 0x0000000100000000)
  region size 1024K, 133 young (136192K), 2 survivors (2048K)
 Metaspace       used 33501K, capacity 34412K, committed 34688K, reserved 284672K
  class space    used 4586K, capacity 4899K, committed 4992K, reserved 253952K
}
Event: 9.802 GC heap after
{Heap after GC invocations=5 (full 0):
 garbage-first heap   total 262144K, used 29177K [0x00000000e0000000, 0x0000000100000000)
  region size 1024K, 11 young (11264K), 11 survivors (11264K)
 Metaspace       used 33501K, capacity 34412K, committed 34688K, reserved 284672K
  class space    used 4586K, capacity 4899K, committed 4992K, reserved 253952K
}
Event: 9.959 GC heap before
{Heap before GC invocations=5 (full 0):
 garbage-first heap   total 262144K, used 44537K [0x00000000e0000000, 0x0000000100000000)
  region size 1024K, 26 young (26624K), 11 survivors (11264K)
 Metaspace       used 34539K, capacity 35507K, committed 35584K, reserved 284672K
  class space    used 4704K, capacity 5047K, committed 5120K, reserved 253952K
}
Event: 9.974 GC heap after
{Heap after GC invocations=6 (full 0):
 garbage-first heap   total 262144K, used 34184K [0x00000000e0000000, 0x0000000100000000)
  region size 1024K, 14 young (14336K), 14 survivors (14336K)
 Metaspace       used 34539K, capacity 35507K, committed 35584K, reserved 284672K
  class space    used 4704K, capacity 5047K, committed 5120K, reserved 253952K
}
Event: 15.562 GC heap before
{Heap before GC invocations=7 (full 0):
 garbage-first heap   total 262144K, used 176520K [0x00000000e0000000, 0x0000000100000000)
  region size 1024K, 153 young (156672K), 14 survivors (14336K)
 Metaspace       used 50083K, capacity 51509K, committed 51584K, reserved 299008K
  class space    used 6690K, capacity 7234K, committed 7296K, reserved 253952K
}
Event: 15.578 GC heap after
{Heap after GC invocations=8 (full 0):
 garbage-first heap   total 262144K, used 45791K [0x00000000e0000000, 0x0000000100000000)
  region size 1024K, 15 young (15360K), 15 survivors (15360K)
 Metaspace       used 50083K, capacity 51509K, committed 51584K, reserved 299008K
  class space    used 6690K, capacity 7234K, committed 7296K, reserved 253952K
}
Event: 17.069 GC heap before
{Heap before GC invocations=8 (full 0):
 garbage-first heap   total 262144K, used 167647K [0x00000000e0000000, 0x0000000100000000)
  region size 1024K, 130 young (133120K), 15 survivors (15360K)
 Metaspace       used 57528K, capacity 59652K, committed 59736K, reserved 307200K
  class space    used 7689K, capacity 8442K, committed 8448K, reserved 253952K
}
Event: 17.104 GC heap after
{Heap after GC invocations=9 (full 0):
 garbage-first heap   total 262144K, used 68608K [0x00000000e0000000, 0x0000000100000000)
  region size 1024K, 17 young (17408K), 17 survivors (17408K)
 Metaspace       used 57528K, capacity 59652K, committed 59736K, reserved 307200K
  class space    used 7689K, capacity 8442K, committed 8448K, reserved 253952K
}
Event: 29.591 GC heap before
{Heap before GC invocations=10 (full 0):
 garbage-first heap   total 262144K, used 198656K [0x00000000e0000000, 0x0000000100000000)
  region size 1024K, 145 young (148480K), 17 survivors (17408K)
 Metaspace       used 67289K, capacity 69958K, committed 70092K, reserved 315392K
  class space    used 8885K, capacity 9806K, committed 9932K, reserved 253952K
}
Event: 29.609 GC heap after
{Heap after GC invocations=11 (full 0):
 garbage-first heap   total 262144K, used 82276K [0x00000000e0000000, 0x0000000100000000)
  region size 1024K, 14 young (14336K), 14 survivors (14336K)
 Metaspace       used 67289K, capacity 69958K, committed 70092K, reserved 315392K
  class space    used 8885K, capacity 9806K, committed 9932K, reserved 253952K
}

